\BOOKMARK [0][-]{chapter.1}{Instalaciones necesarias}{}% 1
\BOOKMARK [1][-]{section.1.1}{Node js.}{chapter.1}% 2
\BOOKMARK [1][-]{section.1.2}{NVM.}{chapter.1}% 3
\BOOKMARK [1][-]{section.1.3}{TypeScript.}{chapter.1}% 4
\BOOKMARK [1][-]{section.1.4}{Angular Cli.}{chapter.1}% 5
\BOOKMARK [1][-]{section.1.5}{Ionic.}{chapter.1}% 6
\BOOKMARK [1][-]{section.1.6}{Visual Studio.}{chapter.1}% 7
\BOOKMARK [0][-]{chapter.2}{TypeScript}{}% 8
\BOOKMARK [1][-]{section.2.1}{Let y var}{chapter.2}% 9
\BOOKMARK [1][-]{section.2.2}{Tipos de datos.}{chapter.2}% 10
\BOOKMARK [1][-]{section.2.3}{Template literales.}{chapter.2}% 11
\BOOKMARK [1][-]{section.2.4}{Promesas.}{chapter.2}% 12
\BOOKMARK [1][-]{section.2.5}{Interfaces.}{chapter.2}% 13
\BOOKMARK [1][-]{section.2.6}{Importaciones.}{chapter.2}% 14
\BOOKMARK [0][-]{chapter.3}{Angular}{}% 15
\BOOKMARK [1][-]{section.3.1}{Estructura del proyecto.}{chapter.3}% 16
\BOOKMARK [1][-]{section.3.2}{Bootstrap mediante Angular Cli.}{chapter.3}% 17
\BOOKMARK [1][-]{section.3.3}{Angular en produccion.}{chapter.3}% 18
\BOOKMARK [2][-]{subsection.3.3.1}{ Produccion.}{section.3.3}% 19
\BOOKMARK [2][-]{subsection.3.3.2}{ Solucion a recarga de pagina web en produccion.}{section.3.3}% 20
\BOOKMARK [2][-]{subsection.3.3.3}{ Solucion a recurso no encontrado de pagina web en produccion.}{section.3.3}% 21
